app/build/outputs/logs/manifest-merger-debug-report.txt
-- Merging decision tree log ---
manifest
ADDED from src\main\AndroidManifest.xml:1:1-82:12
	package
		ADDED from src\main\AndroidManifest.xml:2:5-32
		INJECTED from src\main\AndroidManifest.xml
		INJECTED from src\main\AndroidManifest.xml
	android:versionName
		ADDED from src\main\AndroidManifest.xml:5:5-32
		INJECTED from src\main\AndroidManifest.xml
		INJECTED from src\main\AndroidManifest.xml
	android:versionCode
		ADDED from src\main\AndroidManifest.xml:4:5-28
		INJECTED from src\main\AndroidManifest.xml
		INJECTED from src\main\AndroidManifest.xml
	xmlns:android
		ADDED from src\main\AndroidManifest.xml:1:11-69
	android:installLocation
		ADDED from src\main\AndroidManifest.xml:3:5-35
uses-sdk
ADDED from src\main\AndroidManifest.xml:7:5-9:41
	android:targetSdkVersion
		ADDED from src\main\AndroidManifest.xml:9:9-38
		INJECTED from src\main\AndroidManifest.xml
		INJECTED from src\main\AndroidManifest.xml
	android:minSdkVersion
		ADDED from src\main\AndroidManifest.xml:8:9-34
		INJECTED from src\main\AndroidManifest.xml
		INJECTED from src\main\AndroidManifest.xml
uses-permission#android.permission.CAMERA
ADDED from src\main\AndroidManifest.xml:11:5-65
	android:name
		ADDED from src\main\AndroidManifest.xml:11:22-62
uses-permission#android.permission.INTERNET
ADDED from src\main\AndroidManifest.xml:12:5-67
	android:name
		ADDED from src\main\AndroidManifest.xml:12:22-64
uses-permission#android.permission.WRITE_EXTERNAL_STORAGE
ADDED from src\main\AndroidManifest.xml:13:5-81
	android:name
		ADDED from src\main\AndroidManifest.xml:13:22-78
uses-permission#android.permission.MOUNT_UNMOUNT_FILESYSTEMS
ADDED from src\main\AndroidManifest.xml:14:5-84
	android:name
		ADDED from src\main\AndroidManifest.xml:14:22-81
uses-permission#android.permission.CHANGE_WIFI_STATE
ADDED from src\main\AndroidManifest.xml:15:5-76
	android:name
		ADDED from src\main\AndroidManifest.xml:15:22-73
uses-permission#android.permission.ACCESS_WIFI_STATE
ADDED from src\main\AndroidManifest.xml:16:5-76
	android:name
		ADDED from src\main\AndroidManifest.xml:16:22-73
uses-permission#android.permission.ACCESS_NETWORK_STATE
ADDED from src\main\AndroidManifest.xml:17:5-79
	android:name
		ADDED from src\main\AndroidManifest.xml:17:22-76
uses-permission#android.permission.ACCESS_FINE_LOCATION
ADDED from src\main\AndroidManifest.xml:18:5-79
	android:name
		ADDED from src\main\AndroidManifest.xml:18:22-76
supports-screens
ADDED from src\main\AndroidManifest.xml:20:5-25:40
	android:largeScreens
		ADDED from src\main\AndroidManifest.xml:22:9-36
	android:smallScreens
		ADDED from src\main\AndroidManifest.xml:24:9-36
	android:normalScreens
		ADDED from src\main\AndroidManifest.xml:23:9-37
	android:xlargeScreens
		ADDED from src\main\AndroidManifest.xml:25:9-37
	android:anyDensity
		ADDED from src\main\AndroidManifest.xml:21:9-34
application
ADDED from src\main\AndroidManifest.xml:27:5-80:19
	android:label
		ADDED from src\main\AndroidManifest.xml:31:9-41
	android:allowBackup
		ADDED from src\main\AndroidManifest.xml:29:9-35
	android:icon
		ADDED from src\main\AndroidManifest.xml:30:9-43
	android:theme
		ADDED from src\main\AndroidManifest.xml:32:9-40
	android:name
		ADDED from src\main\AndroidManifest.xml:28:9-57
activity#com.itau.jingdong.ui.SplashActivity
ADDED from src\main\AndroidManifest.xml:33:9-39:20
	android:label
		ADDED from src\main\AndroidManifest.xml:35:13-45
	android:launchMode
		ADDED from src\main\AndroidManifest.xml:36:13-44
	android:theme
		ADDED from src\main\AndroidManifest.xml:37:13-47
	android:name
		ADDED from src\main\AndroidManifest.xml:34:13-46
activity#com.itau.jingdong.ui.HomeActivity
ADDED from src\main\AndroidManifest.xml:40:9-50:20
	android:launchMode
		ADDED from src\main\AndroidManifest.xml:42:13-43
	android:theme
		ADDED from src\main\AndroidManifest.xml:43:13-44
	android:name
		ADDED from src\main\AndroidManifest.xml:41:13-44
intent-filter#android.intent.action.MAIN+android.intent.category.LAUNCHER
ADDED from src\main\AndroidManifest.xml:44:13-48:29
action#android.intent.action.MAIN
ADDED from src\main\AndroidManifest.xml:45:17-69
	android:name
		ADDED from src\main\AndroidManifest.xml:45:25-66
category#android.intent.category.LAUNCHER
ADDED from src\main\AndroidManifest.xml:47:17-77
	android:name
		ADDED from src\main\AndroidManifest.xml:47:27-74
activity#com.itau.jingdong.ui.MainActivity
ADDED from src\main\AndroidManifest.xml:51:9-54:47
	android:launchMode
		ADDED from src\main\AndroidManifest.xml:53:13-43
	android:theme
		ADDED from src\main\AndroidManifest.xml:54:13-44
	android:name
		ADDED from src\main\AndroidManifest.xml:52:13-44
activity#com.itau.jingdong.ui.IndexActivity
ADDED from src\main\AndroidManifest.xml:55:9-58:47
	android:launchMode
		ADDED from src\main\AndroidManifest.xml:57:13-43
	android:theme
		ADDED from src\main\AndroidManifest.xml:58:13-44
	android:name
		ADDED from src\main\AndroidManifest.xml:56:13-45
activity#com.itau.jingdong.ui.CategoryActivity
ADDED from src\main\AndroidManifest.xml:59:9-62:47
	android:launchMode
		ADDED from src\main\AndroidManifest.xml:61:13-43
	android:theme
		ADDED from src\main\AndroidManifest.xml:62:13-44
	android:name
		ADDED from src\main\AndroidManifest.xml:60:13-48
activity#com.itau.jingdong.ui.CartActivity
ADDED from src\main\AndroidManifest.xml:63:9-66:47
	android:launchMode
		ADDED from src\main\AndroidManifest.xml:65:13-43
	android:theme
		ADDED from src\main\AndroidManifest.xml:66:13-44
	android:name
		ADDED from src\main\AndroidManifest.xml:64:13-44
activity#com.itau.jingdong.ui.PersonalActivity
ADDED from src\main\AndroidManifest.xml:67:9-70:47
	android:launchMode
		ADDED from src\main\AndroidManifest.xml:69:13-43
	android:theme
		ADDED from src\main\AndroidManifest.xml:70:13-44
	android:name
		ADDED from src\main\AndroidManifest.xml:68:13-48
activity#com.itau.jingdong.ui.SearchActivity
ADDED from src\main\AndroidManifest.xml:71:9-75:55
	android:launchMode
		ADDED from src\main\AndroidManifest.xml:73:13-43
	android:windowSoftInputMode
		ADDED from src\main\AndroidManifest.xml:75:13-52
	android:theme
		ADDED from src\main\AndroidManifest.xml:74:13-49
	android:name
		ADDED from src\main\AndroidManifest.xml:72:13-46
activity#com.itau.jingdong.ui.ItemListActivity
ADDED from src\main\AndroidManifest.xml:76:9-66
	android:name
		ADDED from src\main\AndroidManifest.xml:76:19-54
activity#com.itau.jingdong.ui.DetailActivity
ADDED from src\main\AndroidManifest.xml:77:9-64
	android:name
		ADDED from src\main\AndroidManifest.xml:77:19-52
activity#com.itau.jingdong.login.LoginActivity
ADDED from src\main\AndroidManifest.xml:78:9-66
	android:name
		ADDED from src\main\AndroidManifest.xml:78:19-54
activity#com.itau.jingdong.login.RegisterActivity
ADDED from src\main\AndroidManifest.xml:79:9-69
	android:name
		ADDED from src\main\AndroidManifest.xml:79:19-57